<?xml version="1.0" encoding="UTF-8"?>
<!-- Generated by org.testng.reporters.JUnitReportReporter -->
<testsuite hostname="oleg" failures="0" tests="1" name="tests.Tests" time="4.713" errors="0" timestamp="2020-02-15T19:54:14 EET" skipped="0">
  <testcase classname="tests.Tests" name="TitleTest" time="4.713"/>
  <system-out/>
</testsuite> <!-- tests.Tests -->
